<?xml version="1.0" encoding="UTF-8"?>
<!-- Generated by org.testng.reporters.JUnitReportReporter -->
<testsuite hostname="PC-267" name="com.motioncore.automationtests.SessionExpiration" tests="1" failures="0"
           timestamp="25 Oct 2018 16:05:50 GMT" time="2141.466" errors="0">
    <testcase name="sessionExpires" time="2141.466" classname="com.motioncore.automationtests.SessionExpiration"/>
</testsuite> <!-- com.motioncore.automationtests.SessionExpiration -->
