<?xml version="1.0" encoding="UTF-8"?>
<!-- Generated by org.testng.reporters.JUnitReportReporter -->
<testsuite hostname="PC-267" name="com.motioncore.automationtests.TestTestCase" tests="1" failures="0"
           timestamp="15 Nov 2018 22:01:20 GMT" time="20.743" errors="0">
    <testcase name="tmComponents" time="20.743" classname="com.motioncore.automationtests.TestTestCase"/>
</testsuite> <!-- com.motioncore.automationtests.TestTestCase -->
