<?xml version="1.0" encoding="UTF-8"?>
<!-- Generated by org.testng.reporters.JUnitReportReporter -->
<testsuite hostname="PC-267" name="com.motioncore.automationtests.TC_00001" tests="3" failures="0"
           timestamp="2 Nov 2018 18:29:35 GMT" time="6.681" errors="0">
    <testcase name="loginPageValidation" time="3.276" classname="com.motioncore.automationtests.TC_00001"/>
    <testcase name="userLogout" time="1.317" classname="com.motioncore.automationtests.TC_00001"/>
    <testcase name="userLogin" time="2.088" classname="com.motioncore.automationtests.TC_00001"/>
</testsuite> <!-- com.motioncore.automationtests.TC_00001 -->
