<?xml version="1.0" encoding="UTF-8"?>
<!-- Generated by org.testng.reporters.JUnitReportReporter -->
<testsuite hostname="MP-LAP-321" name="com.motioncore.automationtestsuat.UatIntegrationTest" tests="40" failures="0"
           timestamp="30 Nov 2018 19:18:26 GMT" time="394.990" errors="0">
    <testcase name="tmTaskAssignment" time="31.231" classname="com.motioncore.automationtestsuat.UatIntegrationTest"/>
    <testcase name="accessContractorsPage" time="9.222"
              classname="com.motioncore.automationtestsuat.UatIntegrationTest"/>
    <testcase name="contractorReportsAccess" time="10.250"
              classname="com.motioncore.automationtestsuat.UatIntegrationTest"/>
    <testcase name="tpmChangePasswordLink" time="4.775"
              classname="com.motioncore.automationtestsuat.UatIntegrationTest"/>
    <testcase name="tmSegmentSearchAccess" time="3.247"
              classname="com.motioncore.automationtestsuat.UatIntegrationTest"/>
    <testcase name="tpmComponents" time="31.568" classname="com.motioncore.automationtestsuat.UatIntegrationTest"/>
    <testcase name="tpmWebCattSSO" time="9.837" classname="com.motioncore.automationtestsuat.UatIntegrationTest"/>
    <testcase name="tmHelpLink" time="0.695" classname="com.motioncore.automationtestsuat.UatIntegrationTest"/>
    <testcase name="tpmUserProfileLink" time="4.447" classname="com.motioncore.automationtestsuat.UatIntegrationTest"/>
    <testcase name="accessGroupAdministrationPage" time="9.237"
              classname="com.motioncore.automationtestsuat.UatIntegrationTest"/>
    <testcase name="accessUserAuditEventsPage" time="9.282"
              classname="com.motioncore.automationtestsuat.UatIntegrationTest"/>
    <testcase name="accessProjectConfigPage" time="9.261"
              classname="com.motioncore.automationtestsuat.UatIntegrationTest"/>
    <testcase name="tamLogin" time="6.484" classname="com.motioncore.automationtestsuat.UatIntegrationTest"/>
    <testcase name="accessControlCenterPage" time="1.875"
              classname="com.motioncore.automationtestsuat.UatIntegrationTest"/>
    <testcase name="contractorBannedTermsAccess" time="6.882"
              classname="com.motioncore.automationtestsuat.UatIntegrationTest"/>
    <testcase name="tmGlossaryPageAccess" time="7.810"
              classname="com.motioncore.automationtestsuat.UatIntegrationTest"/>
    <testcase name="accessCustomersPage" time="9.224" classname="com.motioncore.automationtestsuat.UatIntegrationTest"/>
    <testcase name="tmMediaBenchLink" time="0.688" classname="com.motioncore.automationtestsuat.UatIntegrationTest"/>
    <testcase name="tpmActivityStatsLink" time="4.490"
              classname="com.motioncore.automationtestsuat.UatIntegrationTest"/>
    <testcase name="tmAdminToolsAccess" time="3.270" classname="com.motioncore.automationtestsuat.UatIntegrationTest"/>
    <testcase name="contractorNonTranslatablesAccess" time="12.938"
              classname="com.motioncore.automationtestsuat.UatIntegrationTest"/>
    <testcase name="tmContractorTaskAssignment" time="52.460"
              classname="com.motioncore.automationtestsuat.UatIntegrationTest"/>
    <testcase name="tmLiveEditAccess" time="5.417" classname="com.motioncore.automationtestsuat.UatIntegrationTest"/>
    <testcase name="tmChangePasswordLink" time="5.554"
              classname="com.motioncore.automationtestsuat.UatIntegrationTest"/>
    <testcase name="tmFeedbackDashboardAccess" time="4.609"
              classname="com.motioncore.automationtestsuat.UatIntegrationTest"/>
    <testcase name="reviewerAction" time="18.897" classname="com.motioncore.automationtestsuat.UatIntegrationTest"/>
    <testcase name="tmComponents" time="11.064" classname="com.motioncore.automationtestsuat.UatIntegrationTest"/>
    <testcase name="tmUserProfileLink" time="3.010" classname="com.motioncore.automationtestsuat.UatIntegrationTest"/>
    <testcase name="accessApplicationsPage" time="9.235"
              classname="com.motioncore.automationtestsuat.UatIntegrationTest"/>
    <testcase name="accessUserAdministrationPage" time="9.303"
              classname="com.motioncore.automationtestsuat.UatIntegrationTest"/>
    <testcase name="accesLoginPage" time="1.634" classname="com.motioncore.automationtestsuat.UatIntegrationTest"/>
    <testcase name="tmTextBenchSettingsAccess" time="8.462"
              classname="com.motioncore.automationtestsuat.UatIntegrationTest"/>
    <testcase name="accessCCAdminPage" time="1.230" classname="com.motioncore.automationtestsuat.UatIntegrationTest"/>
    <testcase name="translatorAction" time="53.554" classname="com.motioncore.automationtestsuat.UatIntegrationTest"/>
    <testcase name="accesForgotPasswordPage" time="0.156"
              classname="com.motioncore.automationtestsuat.UatIntegrationTest"/>
    <testcase name="tmWebCATTSSOLink" time="8.325" classname="com.motioncore.automationtestsuat.UatIntegrationTest"/>
    <testcase name="tmProductFeedbackLink" time="0.752"
              classname="com.motioncore.automationtestsuat.UatIntegrationTest"/>
    <testcase name="accessFelixbleWorkflowSetupPage" time="7.376"
              classname="com.motioncore.automationtestsuat.UatIntegrationTest"/>
    <testcase name="tmImpersonateUserLink" time="2.768"
              classname="com.motioncore.automationtestsuat.UatIntegrationTest"/>
    <testcase name="tpmAdminDashboardLink" time="4.471"
              classname="com.motioncore.automationtestsuat.UatIntegrationTest"/>
</testsuite> <!-- com.motioncore.automationtestsuat.UatIntegrationTest -->
