<?xml version="1.0" encoding="UTF-8"?>
<!-- Generated by org.testng.reporters.JUnitReportReporter -->
<testsuite hostname="PC-267" name="com.motioncore.automationtests.WebCATTSSO" tests="1" failures="0"
           timestamp="4 Nov 2018 19:48:46 GMT" time="7.972" errors="0">
    <testcase name="webCattSSO" time="7.972" classname="com.motioncore.automationtests.WebCATTSSO"/>
</testsuite> <!-- com.motioncore.automationtests.WebCATTSSO -->
