<?xml version="1.0" encoding="UTF-8"?>
<!-- Generated by org.testng.reporters.JUnitReportReporter -->
<testsuite hostname="PC-267" name="com.motioncore.automationtests.TestCase_002" tests="1" failures="0"
           timestamp="22 Oct 2018 18:41:23 GMT" time="16.350" errors="0">
    <testcase name="testPages" time="16.350" classname="com.motioncore.automationtests.TestCase_002"/>
</testsuite> <!-- com.motioncore.automationtests.TestCase_002 -->
