<?xml version="1.0" encoding="UTF-8"?>
<!-- Generated by org.testng.reporters.JUnitReportReporter -->
<testsuite hostname="PC-267" name="com.motioncore.automationtests.TranslationProjectManager" tests="14" failures="0"
           timestamp="15 Nov 2018 12:29:30 GMT" time="60.371" errors="0">
    <testcase name="userProfileLink" time="4.668" classname="com.motioncore.automationtests.TranslationProjectManager"/>
    <testcase name="activityStatsLink" time="4.577"
              classname="com.motioncore.automationtests.TranslationProjectManager"/>
    <testcase name="paginationWidget" time="3.516"
              classname="com.motioncore.automationtests.TranslationProjectManager"/>
    <testcase name="projectSearch" time="1.537" classname="com.motioncore.automationtests.TranslationProjectManager"/>
    <testcase name="accountManagerFilter" time="4.602"
              classname="com.motioncore.automationtests.TranslationProjectManager"/>
    <testcase name="tpmHelp" time="1.119" classname="com.motioncore.automationtests.TranslationProjectManager"/>
    <testcase name="projectInformation" time="0.389"
              classname="com.motioncore.automationtests.TranslationProjectManager"/>
    <testcase name="changePasswordLink" time="4.334"
              classname="com.motioncore.automationtests.TranslationProjectManager"/>
    <testcase name="countryFilter" time="3.840" classname="com.motioncore.automationtests.TranslationProjectManager"/>
    <testcase name="languageFilters" time="5.958" classname="com.motioncore.automationtests.TranslationProjectManager"/>
    <testcase name="tpmComponents" time="4.161" classname="com.motioncore.automationtests.TranslationProjectManager"/>
    <testcase name="webCattSSO" time="11.135" classname="com.motioncore.automationtests.TranslationProjectManager"/>
    <testcase name="locationFilter" time="6.069" classname="com.motioncore.automationtests.TranslationProjectManager"/>
    <testcase name="adminDashboardLink" time="4.466"
              classname="com.motioncore.automationtests.TranslationProjectManager"/>
</testsuite> <!-- com.motioncore.automationtests.TranslationProjectManager -->
