<?xml version="1.0" encoding="UTF-8"?>
<!-- Generated by org.testng.reporters.JUnitReportReporter -->
<testsuite hostname="MP-LAP-321" name="com.motioncore.automationtests.AccessLoginPage" tests="1" failures="0"
           timestamp="13 Dec 2018 16:45:28 GMT" time="1.581" errors="0">
    <testcase name="accesLoginPage" time="1.581" classname="com.motioncore.automationtests.AccessLoginPage"/>
</testsuite> <!-- com.motioncore.automationtests.AccessLoginPage -->
