<?xml version="1.0" encoding="UTF-8"?>
<!-- Generated by org.testng.reporters.JUnitReportReporter -->
<testsuite hostname="PC-267" name="com.motioncore.automationtests.LoginPage" tests="2" failures="0"
           timestamp="13 Nov 2018 21:59:50 GMT" time="1.940" errors="0">
    <testcase name="accesForgotPasswordPage" time="0.718" classname="com.motioncore.automationtests.LoginPage"/>
    <testcase name="accesLoginPage" time="1.222" classname="com.motioncore.automationtests.LoginPage"/>
</testsuite> <!-- com.motioncore.automationtests.LoginPage -->
