<?xml version="1.0" encoding="UTF-8"?>
<!-- Generated by org.testng.reporters.JUnitReportReporter -->
<testsuite hostname="PC-267" name="com.motioncore.automationtests.CCAdminPage" tests="10" failures="0"
           timestamp="16 Nov 2018 13:30:20 GMT" time="13.483" errors="0">
    <testcase name="accessCustomersPage" time="1.203" classname="com.motioncore.automationtests.CCAdminPage"/>
    <testcase name="accessCCAdminPage" time="1.008" classname="com.motioncore.automationtests.CCAdminPage"/>
    <testcase name="accessContractorsPage" time="1.226" classname="com.motioncore.automationtests.CCAdminPage"/>
    <testcase name="accessApplicationsPage" time="1.207" classname="com.motioncore.automationtests.CCAdminPage"/>
    <testcase name="accessControlCenterPage" time="2.554" classname="com.motioncore.automationtests.CCAdminPage"/>
    <testcase name="accessFelixbleWorkflowSetupPage" time="1.201"
              classname="com.motioncore.automationtests.CCAdminPage"/>
    <testcase name="accessUserAdministrationPage" time="1.356" classname="com.motioncore.automationtests.CCAdminPage"/>
    <testcase name="accessUserAuditEventsPage" time="1.255" classname="com.motioncore.automationtests.CCAdminPage"/>
    <testcase name="accessGroupAdministrationPage" time="1.214" classname="com.motioncore.automationtests.CCAdminPage"/>
    <testcase name="accessProjectConfigPage" time="1.259" classname="com.motioncore.automationtests.CCAdminPage"/>
</testsuite> <!-- com.motioncore.automationtests.CCAdminPage -->
